main/build/outputs/logs/manifest-merger-normal-debug-report.txt
-- Merging decision tree log ---
manifest
ADDED from src\main\AndroidManifest.xml:8:1-229:12
	package
		ADDED from src\main\AndroidManifest.xml:10:5-32
	android:versionName
		INJECTED from src\main\AndroidManifest.xml
		INJECTED from src\main\AndroidManifest.xml
	xmlns:tools
		ADDED from src\main\AndroidManifest.xml:9:5-51
	xmlns:android
		ADDED from src\main\AndroidManifest.xml:8:11-69
	android:versionCode
		INJECTED from src\main\AndroidManifest.xml
		INJECTED from src\main\AndroidManifest.xml
uses-permission#android.permission.INTERNET
ADDED from src\main\AndroidManifest.xml:12:5-67
	android:name
		ADDED from src\main\AndroidManifest.xml:12:22-64
uses-permission#android.permission.ACCESS_NETWORK_STATE
ADDED from src\main\AndroidManifest.xml:13:5-79
	android:name
		ADDED from src\main\AndroidManifest.xml:13:22-76
uses-permission#android.permission.RECEIVE_BOOT_COMPLETED
ADDED from src\main\AndroidManifest.xml:15:5-81
	android:name
		ADDED from src\main\AndroidManifest.xml:15:22-78
uses-permission#android.permission.READ_EXTERNAL_STORAGE
ADDED from src\main\AndroidManifest.xml:16:5-80
	android:name
		ADDED from src\main\AndroidManifest.xml:16:22-77
uses-feature#android.software.leanback
ADDED from src\main\AndroidManifest.xml:21:5-23:36
	android:required
		ADDED from src\main\AndroidManifest.xml:23:9-33
	android:name
		ADDED from src\main\AndroidManifest.xml:22:9-49
uses-feature#android.hardware.touchscreen
ADDED from src\main\AndroidManifest.xml:24:5-26:36
	android:required
		ADDED from src\main\AndroidManifest.xml:26:9-33
	android:name
		ADDED from src\main\AndroidManifest.xml:25:9-52
application
ADDED from src\main\AndroidManifest.xml:28:5-227:19
MERGED from [com.android.support:cardview-v7:25.4.0] AndroidManifest.xml:22:5-26:19
MERGED from [com.android.support:recyclerview-v7:25.4.0] AndroidManifest.xml:22:5-26:19
MERGED from [com.android.support:support-core-ui:25.4.0] AndroidManifest.xml:25:5-29:19
MERGED from [com.android.support:support-compat:25.4.0] AndroidManifest.xml:25:5-29:19
	android:label
		ADDED from src\main\AndroidManifest.xml:33:9-36
	android:supportsRtl
		ADDED from src\main\AndroidManifest.xml:34:9-35
	tools:ignore
		ADDED from src\main\AndroidManifest.xml:36:9-39
	android:allowBackup
		ADDED from src\main\AndroidManifest.xml:30:9-35
	android:icon
		ADDED from src\main\AndroidManifest.xml:32:9-43
	android:banner
		ADDED from src\main\AndroidManifest.xml:31:9-43
	android:theme
		ADDED from src\main\AndroidManifest.xml:35:9-38
	android:name
		ADDED from src\main\AndroidManifest.xml:29:9-51
activity#de.blinkt.openvpn.activities.VPNPreferences
ADDED from src\main\AndroidManifest.xml:37:9-40:57
	android:exported
		ADDED from src\main\AndroidManifest.xml:39:13-37
	android:windowSoftInputMode
		ADDED from src\main\AndroidManifest.xml:40:13-54
	android:name
		ADDED from src\main\AndroidManifest.xml:38:13-54
activity#de.blinkt.openvpn.activities.DisconnectVPN
ADDED from src\main\AndroidManifest.xml:42:9-48:52
	android:excludeFromRecents
		ADDED from src\main\AndroidManifest.xml:45:13-46
	android:autoRemoveFromRecents
		ADDED from src\main\AndroidManifest.xml:44:13-49
	android:noHistory
		ADDED from src\main\AndroidManifest.xml:46:13-37
	android:theme
		ADDED from src\main\AndroidManifest.xml:48:13-49
	android:taskAffinity
		ADDED from src\main\AndroidManifest.xml:47:13-50
	android:name
		ADDED from src\main\AndroidManifest.xml:43:13-53
activity#de.blinkt.openvpn.activities.LogWindow
ADDED from src\main\AndroidManifest.xml:50:9-54:47
	android:label
		ADDED from src\main\AndroidManifest.xml:53:13-48
	android:launchMode
		ADDED from src\main\AndroidManifest.xml:54:13-44
	android:allowTaskReparenting
		ADDED from src\main\AndroidManifest.xml:52:13-48
	android:name
		ADDED from src\main\AndroidManifest.xml:51:13-49
activity#de.blinkt.openvpn.activities.FileSelect
ADDED from src\main\AndroidManifest.xml:55:9-59
	android:name
		ADDED from src\main\AndroidManifest.xml:55:19-56
activity#de.blinkt.openvpn.activities.MainActivity
ADDED from src\main\AndroidManifest.xml:56:9-66:20
	tools:ignore
		ADDED from src\main\AndroidManifest.xml:58:13-44
	android:name
		ADDED from src\main\AndroidManifest.xml:57:13-52
intent-filter#android.intent.action.MAIN+android.intent.category.BROWSABLE+android.intent.category.LAUNCHER+android.intent.category.LEANBACK_LAUNCHER
ADDED from src\main\AndroidManifest.xml:59:13-65:29
action#android.intent.action.MAIN
ADDED from src\main\AndroidManifest.xml:60:17-69
	android:name
		ADDED from src\main\AndroidManifest.xml:60:25-66
category#android.intent.category.LEANBACK_LAUNCHER
ADDED from src\main\AndroidManifest.xml:62:17-86
	android:name
		ADDED from src\main\AndroidManifest.xml:62:27-83
category#android.intent.category.BROWSABLE
ADDED from src\main\AndroidManifest.xml:63:17-78
	android:name
		ADDED from src\main\AndroidManifest.xml:63:27-75
category#android.intent.category.LAUNCHER
ADDED from src\main\AndroidManifest.xml:64:17-77
	android:name
		ADDED from src\main\AndroidManifest.xml:64:27-74
service#de.blinkt.openvpn.core.OpenVPNService
ADDED from src\main\AndroidManifest.xml:68:9-76:19
	android:process
		ADDED from src\main\AndroidManifest.xml:70:13-39
	android:permission
		ADDED from src\main\AndroidManifest.xml:71:13-69
	android:name
		ADDED from src\main\AndroidManifest.xml:69:13-48
intent-filter#android.net.VpnService
ADDED from src\main\AndroidManifest.xml:72:13-74:29
action#android.net.VpnService
ADDED from src\main\AndroidManifest.xml:73:17-65
	android:name
		ADDED from src\main\AndroidManifest.xml:73:25-62
service#de.blinkt.openvpn.api.ExternalOpenVPNService
ADDED from src\main\AndroidManifest.xml:78:9-86:19
	android:process
		ADDED from src\main\AndroidManifest.xml:80:13-39
	tools:ignore
		ADDED from src\main\AndroidManifest.xml:81:13-43
	android:name
		ADDED from src\main\AndroidManifest.xml:79:13-55
intent-filter#de.blinkt.openvpn.api.IOpenVPNAPIService
ADDED from src\main\AndroidManifest.xml:83:13-85:29
action#de.blinkt.openvpn.api.IOpenVPNAPIService
ADDED from src\main\AndroidManifest.xml:84:17-83
	android:name
		ADDED from src\main\AndroidManifest.xml:84:25-80
service#de.blinkt.openvpn.core.OpenVPNStatusService
ADDED from src\main\AndroidManifest.xml:88:9-90:40
	android:process
		ADDED from src\main\AndroidManifest.xml:89:13-39
	android:exported
		ADDED from src\main\AndroidManifest.xml:90:13-37
	android:name
		ADDED from src\main\AndroidManifest.xml:88:18-59
service#de.blinkt.openvpn.OpenVPNTileService
ADDED from src\main\AndroidManifest.xml:93:9-104:19
	android:label
		ADDED from src\main\AndroidManifest.xml:96:13-45
	android:permission
		ADDED from src\main\AndroidManifest.xml:98:13-77
	android:icon
		ADDED from src\main\AndroidManifest.xml:97:13-46
	android:value
		ADDED from src\main\AndroidManifest.xml:95:13-33
	android:name
		ADDED from src\main\AndroidManifest.xml:94:13-47
intent-filter#android.service.quicksettings.action.QS_TILE
ADDED from src\main\AndroidManifest.xml:99:13-101:29
action#android.service.quicksettings.action.QS_TILE
ADDED from src\main\AndroidManifest.xml:100:17-87
	android:name
		ADDED from src\main\AndroidManifest.xml:100:25-84
meta-data#android.service.quicksettings.ACTIVE_TILE
ADDED from src\main\AndroidManifest.xml:102:13-103:41
	android:value
		ADDED from src\main\AndroidManifest.xml:103:17-38
	android:name
		ADDED from src\main\AndroidManifest.xml:102:24-80
activity#de.blinkt.openvpn.api.GrantPermissionsActivity
ADDED from src\main\AndroidManifest.xml:106:9-110:20
	android:name
		ADDED from src\main\AndroidManifest.xml:106:19-63
intent-filter#android.intent.action.MAIN
ADDED from src\main\AndroidManifest.xml:107:13-109:29
activity#de.blinkt.openvpn.api.ConfirmDialog
ADDED from src\main\AndroidManifest.xml:111:9-115:20
	android:name
		ADDED from src\main\AndroidManifest.xml:111:19-52
receiver#de.blinkt.openvpn.OnBootReceiver
ADDED from src\main\AndroidManifest.xml:117:9-123:20
	android:name
		ADDED from src\main\AndroidManifest.xml:117:19-49
intent-filter#android.intent.action.BOOT_COMPLETED+android.intent.action.MY_PACKAGE_REPLACED
ADDED from src\main\AndroidManifest.xml:118:13-122:29
	android:priority
		ADDED from src\main\AndroidManifest.xml:118:28-50
action#android.intent.action.BOOT_COMPLETED
ADDED from src\main\AndroidManifest.xml:119:17-79
	android:name
		ADDED from src\main\AndroidManifest.xml:119:25-76
action#android.intent.action.MY_PACKAGE_REPLACED
ADDED from src\main\AndroidManifest.xml:120:17-84
	android:name
		ADDED from src\main\AndroidManifest.xml:120:25-81
activity#de.blinkt.openvpn.activities.ConfigConverter
ADDED from src\main\AndroidManifest.xml:125:9-167:20
	android:label
		ADDED from src\main\AndroidManifest.xml:128:13-48
	android:excludeFromRecents
		ADDED from src\main\AndroidManifest.xml:127:13-46
	tools:ignore
		ADDED from src\main\AndroidManifest.xml:131:13-44
	android:uiOptions
		ADDED from src\main\AndroidManifest.xml:130:13-57
	android:taskAffinity
		ADDED from src\main\AndroidManifest.xml:129:13-52
	android:name
		ADDED from src\main\AndroidManifest.xml:126:13-55
intent-filter#android.intent.action.VIEW+android.intent.category.BROWSABLE+android.intent.category.DEFAULT
ADDED from src\main\AndroidManifest.xml:132:13-140:29
	android:label
		ADDED from src\main\AndroidManifest.xml:132:28-65
	tools:ignore
		ADDED from src\main\AndroidManifest.xml:133:17-47
action#android.intent.action.VIEW
ADDED from src\main\AndroidManifest.xml:134:17-69
	android:name
		ADDED from src\main\AndroidManifest.xml:134:25-66
category#android.intent.category.DEFAULT
ADDED from src\main\AndroidManifest.xml:136:17-76
	android:name
		ADDED from src\main\AndroidManifest.xml:136:27-73
data
ADDED from src\main\AndroidManifest.xml:139:17-74
	android:mimeType
		ADDED from src\main\AndroidManifest.xml:139:23-71
activity#de.blinkt.openvpn.LaunchVPN
ADDED from src\main\AndroidManifest.xml:168:9-181:20
	android:label
		ADDED from src\main\AndroidManifest.xml:172:13-53
	android:excludeFromRecents
		ADDED from src\main\AndroidManifest.xml:171:13-46
	android:autoRemoveFromRecents
		ADDED from src\main\AndroidManifest.xml:170:13-49
	tools:ignore
		ADDED from src\main\AndroidManifest.xml:175:13-44
	android:theme
		ADDED from src\main\AndroidManifest.xml:174:13-49
	android:taskAffinity
		ADDED from src\main\AndroidManifest.xml:173:13-46
	android:name
		ADDED from src\main\AndroidManifest.xml:169:13-38
intent-filter#android.intent.action.MAIN+android.intent.category.DEFAULT
ADDED from src\main\AndroidManifest.xml:176:13-180:29
activity#de.blinkt.openvpn.api.Intents
ADDED from src\main\AndroidManifest.xml:184:9-197:20
	android:label
		ADDED from src\main\AndroidManifest.xml:188:13-53
	android:excludeFromRecents
		ADDED from src\main\AndroidManifest.xml:187:13-46
	android:autoRemoveFromRecents
		ADDED from src\main\AndroidManifest.xml:186:13-49
	tools:ignore
		ADDED from src\main\AndroidManifest.xml:191:13-44
	android:theme
		ADDED from src\main\AndroidManifest.xml:190:13-49
	android:taskAffinity
		ADDED from src\main\AndroidManifest.xml:189:13-46
	android:name
		ADDED from src\main\AndroidManifest.xml:185:13-40
activity#de.blinkt.openvpn.activities.CreateShortcuts
ADDED from src\main\AndroidManifest.xml:200:9-210:20
	android:label
		ADDED from src\main\AndroidManifest.xml:203:13-49
	android:excludeFromRecents
		ADDED from src\main\AndroidManifest.xml:202:13-46
	android:theme
		ADDED from src\main\AndroidManifest.xml:205:13-85
	android:taskAffinity
		ADDED from src\main\AndroidManifest.xml:204:13-52
	android:name
		ADDED from src\main\AndroidManifest.xml:201:13-55
intent-filter#android.intent.action.CREATE_SHORTCUT+android.intent.category.DEFAULT
ADDED from src\main\AndroidManifest.xml:206:13-209:29
action#android.intent.action.CREATE_SHORTCUT
ADDED from src\main\AndroidManifest.xml:207:17-80
	android:name
		ADDED from src\main\AndroidManifest.xml:207:25-77
provider#de.blinkt.openvpn.FileProvider
ADDED from src\main\AndroidManifest.xml:212:9-217:54
	android:authorities
		ADDED from src\main\AndroidManifest.xml:214:13-65
	android:grantUriPermissions
		ADDED from src\main\AndroidManifest.xml:216:13-47
	android:exported
		ADDED from src\main\AndroidManifest.xml:215:13-36
	tools:ignore
		ADDED from src\main\AndroidManifest.xml:217:13-51
	android:name
		ADDED from src\main\AndroidManifest.xml:213:13-41
uses-sdk
INJECTED from src\main\AndroidManifest.xml reason: use-sdk injection requested
MERGED from [com.android.support:cardview-v7:25.4.0] AndroidManifest.xml:20:5-43
MERGED from [com.android.support:recyclerview-v7:25.4.0] AndroidManifest.xml:20:5-43
MERGED from [com.android.support:support-core-ui:25.4.0] AndroidManifest.xml:21:5-23:58
MERGED from [com.android.support:support-compat:25.4.0] AndroidManifest.xml:21:5-23:58
	tools:overrideLibrary
		ADDED from [com.android.support:support-core-ui:25.4.0] AndroidManifest.xml:23:9-55
	android:targetSdkVersion
		INJECTED from src\main\AndroidManifest.xml
		INJECTED from src\main\AndroidManifest.xml
	android:minSdkVersion
		INJECTED from src\main\AndroidManifest.xml
		INJECTED from src\main\AndroidManifest.xml
meta-data#android.support.VERSION
ADDED from [com.android.support:cardview-v7:25.4.0] AndroidManifest.xml:23:9-25:38
MERGED from [com.android.support:recyclerview-v7:25.4.0] AndroidManifest.xml:23:9-25:38
MERGED from [com.android.support:support-core-ui:25.4.0] AndroidManifest.xml:26:9-28:38
MERGED from [com.android.support:support-compat:25.4.0] AndroidManifest.xml:26:9-28:38
	android:value
		ADDED from [com.android.support:cardview-v7:25.4.0] AndroidManifest.xml:25:13-35
	android:name
		ADDED from [com.android.support:cardview-v7:25.4.0] AndroidManifest.xml:24:13-51